<?xml version="1.0" encoding="UTF-8"?>
<!-- Generated by org.testng.reporters.JUnitXMLReporter -->
<testsuite hostname="Skillray" ignored="0" name="Test" tests="3" failures="1" timestamp="2020-06-04T21:52:24 IST" time="96.323" errors="0">
  <testcase name="addingproduct" time="23.394" classname="scripts.Addingproducttocart"/>
  <testcase name="invalidinputs" time="6.138" classname="scripts.Invalidlogin">
    <failure type="java.lang.IllegalArgumentException" message="Keys to send should be a not null CharSequence">
      <![CDATA[java.lang.IllegalArgumentException: Keys to send should be a not null CharSequence
at org.openqa.selenium.remote.RemoteWebElement.sendKeys(RemoteWebElement.java:97)
at org.openqa.selenium.support.pagefactory.internal.LocatingElementHandler.invoke(LocatingElementHandler.java:51)
at com.sun.proxy.$Proxy9.sendKeys(Unknown Source)
at pages.LoginPage.validlogin(LoginPage.java:48)
at scripts.Invalidlogin.invalidinputs(Invalidlogin.java:15)
at java.util.ArrayList.forEach(Unknown Source)
... Removed 31 stack frames]]>
    </failure>
  </testcase> <!-- invalidinputs -->
  <testcase name="dress" time="16.833" classname="scripts.Selectingproduct"/>
</testsuite> <!-- Test -->
